main.obj : error LNK2019: _clGetPlatformIDs@12 외부 기호(참조 위치: "bool __cdecl InitializeOpenCL(void)" (?InitializeOpenCL@@YA_NXZ) 함수)에서 확인하지 못했습니다.
main.obj : error LNK2019: _clGetPlatformInfo@20 외부 기호(참조 위치: "void __cdecl print_platform(struct _cl_platform_id * *,int)" (?print_platform@@YAXPAPAU_cl_platform_id@@H@Z) 함수)에서 확인하지 못했습니다.
main.obj : error LNK2019: _clGetDeviceIDs@24 외부 기호(참조 위치: "bool __cdecl InitializeOpenCL(void)" (?InitializeOpenCL@@YA_NXZ) 함수)에서 확인하지 못했습니다.
main.obj : error LNK2019: _clGetDeviceInfo@20 외부 기호(참조 위치: "bool __cdecl InitializeOpenCL(void)" (?InitializeOpenCL@@YA_NXZ) 함수)에서 확인하지 못했습니다.
main.obj : error LNK2019: _clCreateContext@24 외부 기호(참조 위치: "bool __cdecl InitializeOpenCL(void)" (?InitializeOpenCL@@YA_NXZ) 함수)에서 확인하지 못했습니다.
main.obj : error LNK2019: _clReleaseContext@4 외부 기호(참조 위치: "void __cdecl FinalizeOpenCL(void)" (?FinalizeOpenCL@@YAXXZ) 함수)에서 확인하지 못했습니다.
main.obj : error LNK2019: _clCreateCommandQueue@20 외부 기호(참조 위치: "bool __cdecl InitializeOpenCL(void)" (?InitializeOpenCL@@YA_NXZ) 함수)에서 확인하지 못했습니다.
main.obj : error LNK2019: _clReleaseMemObject@4 외부 기호(참조 위치: "void __cdecl FinalizeOpenCL(void)" (?FinalizeOpenCL@@YAXXZ) 함수)에서 확인하지 못했습니다.
main.obj : error LNK2019: _clCreateProgramWithSource@20 외부 기호(참조 위치: "bool __cdecl InitializeOpenCL(void)" (?InitializeOpenCL@@YA_NXZ) 함수)에서 확인하지 못했습니다.
main.obj : error LNK2019: _clReleaseProgram@4 외부 기호(참조 위치: "void __cdecl FinalizeOpenCL(void)" (?FinalizeOpenCL@@YAXXZ) 함수)에서 확인하지 못했습니다.
main.obj : error LNK2019: _clBuildProgram@24 외부 기호(참조 위치: "bool __cdecl InitializeOpenCL(void)" (?InitializeOpenCL@@YA_NXZ) 함수)에서 확인하지 못했습니다.
main.obj : error LNK2019: _clGetProgramBuildInfo@24 외부 기호(참조 위치: "void __cdecl print_build_log(struct _cl_program *,struct _cl_device_id *,char const *)" (?print_build_log@@YAXPAU_cl_program@@PAU_cl_device_id@@PBD@Z) 함수)에서 확인하지 못했습니다.
main.obj : error LNK2019: _clCreateKernel@12 외부 기호(참조 위치: "bool __cdecl InitializeOpenCL(void)" (?InitializeOpenCL@@YA_NXZ) 함수)에서 확인하지 못했습니다.
main.obj : error LNK2019: _clReleaseKernel@4 외부 기호(참조 위치: "void __cdecl FinalizeOpenCL(void)" (?FinalizeOpenCL@@YAXXZ) 함수)에서 확인하지 못했습니다.
main.obj : error LNK2019: _clSetKernelArg@16 외부 기호(참조 위치: "void __cdecl display(void)" (?display@@YAXXZ) 함수)에서 확인하지 못했습니다.
main.obj : error LNK2019: _clGetKernelWorkGroupInfo@24 외부 기호(참조 위치: "void __cdecl printf_KernelWorkGroupInfo(struct _cl_kernel *,struct _cl_device_id *)" (?printf_KernelWorkGroupInfo@@YAXPAU_cl_kernel@@PAU_cl_device_id@@@Z) 함수)에서 확인하지 못했습니다.
main.obj : error LNK2019: _clGetEventProfilingInfo@20 외부 기호(참조 위치: "unsigned __int64 __cdecl compute_elapsed_time(struct _cl_event *,unsigned int,unsigned int)" (?compute_elapsed_time@@YA_KPAU_cl_event@@II@Z) 함수)에서 확인하지 못했습니다.
main.obj : error LNK2019: _clFlush@4 외부 기호(참조 위치: "void __cdecl FinalizeOpenCL(void)" (?FinalizeOpenCL@@YAXXZ) 함수)에서 확인하지 못했습니다.
main.obj : error LNK2019: _clFinish@4 외부 기호(참조 위치: "void __cdecl FinalizeOpenCL(void)" (?FinalizeOpenCL@@YAXXZ) 함수)에서 확인하지 못했습니다.
main.obj : error LNK2019: _clEnqueueWriteBuffer@36 외부 기호(참조 위치: "void __cdecl display(void)" (?display@@YAXXZ) 함수)에서 확인하지 못했습니다.
main.obj : error LNK2019: _clEnqueueNDRangeKernel@36 외부 기호(참조 위치: "void __cdecl display(void)" (?display@@YAXXZ) 함수)에서 확인하지 못했습니다.
main.obj : error LNK2019: _clCreateFromGLBuffer@20 외부 기호(참조 위치: "void __cdecl InitializeBuffers(void)" (?InitializeBuffers@@YAXXZ) 함수)에서 확인하지 못했습니다.
main.obj : error LNK2019: _clEnqueueAcquireGLObjects@24 외부 기호(참조 위치: "void __cdecl display(void)" (?display@@YAXXZ) 함수)에서 확인하지 못했습니다.
main.obj : error LNK2019: _clEnqueueReleaseGLObjects@24 외부 기호(참조 위치: "void __cdecl display(void)" (?display@@YAXXZ) 함수)에서 확인하지 못했습니다.
main.obj : error LNK2019: __imp__glewInit@0 외부 기호(참조 위치: "void __cdecl InitializeGLEW(char *,char (* const)[256],int)" (?InitializeGLEW@@YAXPADQAY0BAA@DH@Z) 함수)에서 확인하지 못했습니다.
main.obj : error LNK2019: __imp__glewGetErrorString@4 외부 기호(참조 위치: "void __cdecl InitializeGLEW(char *,char (* const)[256],int)" (?InitializeGLEW@@YAXPADQAY0BAA@DH@Z) 함수)에서 확인하지 못했습니다.
main.obj : error LNK2019: __imp__glewGetString@4 외부 기호(참조 위치: "void __cdecl InitializeGLEW(char *,char (* const)[256],int)" (?InitializeGLEW@@YAXPADQAY0BAA@DH@Z) 함수)에서 확인하지 못했습니다.
main.obj : error LNK2019: __imp__glutInitWindowSize@8 외부 기호(참조 위치: "bool __cdecl InitializeOpenGL(int,char * * const)" (?InitializeOpenGL@@YA_NHQAPAD@Z) 함수)에서 확인하지 못했습니다.
main.obj : error LNK2019: __imp__glutInitDisplayMode@4 외부 기호(참조 위치: "bool __cdecl InitializeOpenGL(int,char * * const)" (?InitializeOpenGL@@YA_NHQAPAD@Z) 함수)에서 확인하지 못했습니다.
main.obj : error LNK2019: __imp__glutMainLoop@0 외부 기호(참조 위치: _main 함수)에서 확인하지 못했습니다.
main.obj : error LNK2019: __imp__glutPostRedisplay@0 외부 기호(참조 위치: "void __cdecl keyboard(unsigned char,int,int)" (?keyboard@@YAXEHH@Z) 함수)에서 확인하지 못했습니다.
main.obj : error LNK2019: __imp__glutSwapBuffers@0 외부 기호(참조 위치: "void __cdecl display(void)" (?display@@YAXXZ) 함수)에서 확인하지 못했습니다.
main.obj : error LNK2019: __imp__glutTimerFunc@12 외부 기호(참조 위치: "void __cdecl InitializeRenderer(void)" (?InitializeRenderer@@YAXXZ) 함수)에서 확인하지 못했습니다.
main.obj : error LNK2019: __imp__glutKeyboardFunc@4 외부 기호(참조 위치: "void __cdecl InitializeRenderer(void)" (?InitializeRenderer@@YAXXZ) 함수)에서 확인하지 못했습니다.
main.obj : error LNK2019: __imp__glutReshapeFunc@4 외부 기호(참조 위치: "void __cdecl InitializeRenderer(void)" (?InitializeRenderer@@YAXXZ) 함수)에서 확인하지 못했습니다.
main.obj : error LNK2019: __imp__glutDisplayFunc@4 외부 기호(참조 위치: "void __cdecl InitializeRenderer(void)" (?InitializeRenderer@@YAXXZ) 함수)에서 확인하지 못했습니다.
main.obj : error LNK2019: __imp____glutInitWithExit@12 외부 기호(참조 위치: "bool __cdecl InitializeOpenGL(int,char * * const)" (?InitializeOpenGL@@YA_NHQAPAD@Z) 함수)에서 확인하지 못했습니다.
main.obj : error LNK2019: __imp____glutCreateWindowWithExit@8 외부 기호(참조 위치: "bool __cdecl InitializeOpenGL(int,char * * const)" (?InitializeOpenGL@@YA_NHQAPAD@Z) 함수)에서 확인하지 못했습니다.
main.obj : error LNK2019: __imp__glutLeaveMainLoop@0 외부 기호(참조 위치: "void __cdecl keyboard(unsigned char,int,int)" (?keyboard@@YAXEHH@Z) 함수)에서 확인하지 못했습니다.
main.obj : error LNK2019: __imp__glutCloseFunc@4 외부 기호(참조 위치: "void __cdecl InitializeRenderer(void)" (?InitializeRenderer@@YAXXZ) 함수)에서 확인하지 못했습니다.
main.obj : error LNK2019: __imp__glutSetOption@8 외부 기호(참조 위치: _main 함수)에서 확인하지 못했습니다.
main.obj : error LNK2019: __imp__glutInitContextVersion@8 외부 기호(참조 위치: "bool __cdecl InitializeOpenGL(int,char * * const)" (?InitializeOpenGL@@YA_NHQAPAD@Z) 함수)에서 확인하지 못했습니다.
main.obj : error LNK2019: __imp__glutInitContextProfile@4 외부 기호(참조 위치: "bool __cdecl InitializeOpenGL(int,char * * const)" (?InitializeOpenGL@@YA_NHQAPAD@Z) 함수)에서 확인하지 못했습니다.
main.obj : error LNK2019: __imp__FreeImage_Unload@4 외부 기호(참조 위치: "void __cdecl glTexImage2D_from_file(char const *)" (?glTexImage2D_from_file@@YAXPBD@Z) 함수)에서 확인하지 못했습니다.
main.obj : error LNK2019: __imp__FreeImage_Load@12 외부 기호(참조 위치: "void __cdecl glTexImage2D_from_file(char const *)" (?glTexImage2D_from_file@@YAXPBD@Z) 함수)에서 확인하지 못했습니다.
main.obj : error LNK2019: __imp__FreeImage_GetFileType@8 외부 기호(참조 위치: "void __cdecl glTexImage2D_from_file(char const *)" (?glTexImage2D_from_file@@YAXPBD@Z) 함수)에서 확인하지 못했습니다.
main.obj : error LNK2019: __imp__FreeImage_GetBits@4 외부 기호(참조 위치: "void __cdecl glTexImage2D_from_file(char const *)" (?glTexImage2D_from_file@@YAXPBD@Z) 함수)에서 확인하지 못했습니다.
main.obj : error LNK2019: __imp__FreeImage_GetBPP@4 외부 기호(참조 위치: "void __cdecl glTexImage2D_from_file(char const *)" (?glTexImage2D_from_file@@YAXPBD@Z) 함수)에서 확인하지 못했습니다.
main.obj : error LNK2019: __imp__FreeImage_GetWidth@4 외부 기호(참조 위치: "void __cdecl glTexImage2D_from_file(char const *)" (?glTexImage2D_from_file@@YAXPBD@Z) 함수)에서 확인하지 못했습니다.
main.obj : error LNK2019: __imp__FreeImage_GetHeight@4 외부 기호(참조 위치: "void __cdecl glTexImage2D_from_file(char const *)" (?glTexImage2D_from_file@@YAXPBD@Z) 함수)에서 확인하지 못했습니다.
main.obj : error LNK2019: __imp__FreeImage_ConvertTo32Bits@4 외부 기호(참조 위치: "void __cdecl glTexImage2D_from_file(char const *)" (?glTexImage2D_from_file@@YAXPBD@Z) 함수)에서 확인하지 못했습니다.
main.obj : error LNK2001: __imp____glewActiveTexture 외부 기호를 확인할 수 없습니다.
main.obj : error LNK2001: __imp____glewBindBuffer 외부 기호를 확인할 수 없습니다.
main.obj : error LNK2001: __imp____glewBufferData 외부 기호를 확인할 수 없습니다.
main.obj : error LNK2001: __imp____glewDeleteBuffers 외부 기호를 확인할 수 없습니다.
main.obj : error LNK2001: __imp____glewGenBuffers 외부 기호를 확인할 수 없습니다.
main.obj : error LNK2001: __imp____glewEnableVertexAttribArray 외부 기호를 확인할 수 없습니다.
main.obj : error LNK2001: __imp____glewGetUniformLocation 외부 기호를 확인할 수 없습니다.
main.obj : error LNK2001: __imp____glewUniform1f 외부 기호를 확인할 수 없습니다.
main.obj : error LNK2001: __imp____glewUniform1i 외부 기호를 확인할 수 없습니다.
main.obj : error LNK2001: __imp____glewUniform3f 외부 기호를 확인할 수 없습니다.
main.obj : error LNK2001: __imp____glewUniform4f 외부 기호를 확인할 수 없습니다.
main.obj : error LNK2001: __imp____glewUniform4fv 외부 기호를 확인할 수 없습니다.
main.obj : error LNK2001: __imp____glewUniformMatrix3fv 외부 기호를 확인할 수 없습니다.
main.obj : error LNK2001: __imp____glewUniformMatrix4fv 외부 기호를 확인할 수 없습니다.
main.obj : error LNK2001: __imp____glewUseProgram 외부 기호를 확인할 수 없습니다.
main.obj : error LNK2001: __imp____glewVertexAttribPointer 외부 기호를 확인할 수 없습니다.
main.obj : error LNK2001: __imp____glewPrimitiveRestartIndex 외부 기호를 확인할 수 없습니다.
main.obj : error LNK2001: __imp____glewBindVertexArray 외부 기호를 확인할 수 없습니다.
main.obj : error LNK2001: __imp____glewDeleteVertexArrays 외부 기호를 확인할 수 없습니다.
main.obj : error LNK2001: __imp____glewGenVertexArrays 외부 기호를 확인할 수 없습니다.
main.obj : error LNK2001: __imp__glewExperimental 외부 기호를 확인할 수 없습니다.
LoadShaders.obj : error LNK2001: __imp____glewAttachShader 외부 기호를 확인할 수 없습니다.
LoadShaders.obj : error LNK2001: __imp____glewCompileShader 외부 기호를 확인할 수 없습니다.
LoadShaders.obj : error LNK2001: __imp____glewCreateProgram 외부 기호를 확인할 수 없습니다.
LoadShaders.obj : error LNK2001: __imp____glewCreateShader 외부 기호를 확인할 수 없습니다.
LoadShaders.obj : error LNK2001: __imp____glewDeleteShader 외부 기호를 확인할 수 없습니다.
LoadShaders.obj : error LNK2001: __imp____glewGetProgramiv 외부 기호를 확인할 수 없습니다.
LoadShaders.obj : error LNK2001: __imp____glewGetShaderiv 외부 기호를 확인할 수 없습니다.
LoadShaders.obj : error LNK2001: __imp____glewLinkProgram 외부 기호를 확인할 수 없습니다.
LoadShaders.obj : error LNK2001: __imp____glewShaderSource 외부 기호를 확인할 수 없습니다.
C:\Users\parks\NumericalAnalysis\ClothSimultation\OpenGLFiles\lib\x86_64\freeglut.lib : warning LNK4272: 'x64' 라이브러리 컴퓨터 종류가 'x86' 대상 컴퓨터 종류와 충돌합니다.
C:\Users\parks\NumericalAnalysis\ClothSimultation\OpenGLFiles\lib\x86_64\glew32.lib : warning LNK4272: 'x64' 라이브러리 컴퓨터 종류가 'x86' 대상 컴퓨터 종류와 충돌합니다.
C:\Users\parks\NumericalAnalysis\ClothSimultation\OpenGLFiles\lib\x86_64\FreeImage.lib : warning LNK4272: 'x64' 라이브러리 컴퓨터 종류가 'x86' 대상 컴퓨터 종류와 충돌합니다.
C:\usr\local\OpenCL\lib\x86_64\OpenCL.lib : warning LNK4272: 'x64' 라이브러리 컴퓨터 종류가 'x86' 대상 컴퓨터 종류와 충돌합니다.
C:\Users\parks\NumericalAnalysis\ClothSimultation\Debug\cloth.exe : fatal error LNK1120: 81개의 확인할 수 없는 외부 참조입니다.
