  main.cpp
c:\users\parks\numericalanalysis\clothsimultation\cloth\my_opencl_util.h : warning C4819: 현재 코드 페이지(949)에서 표시할 수 없는 문자가 파일에 들어 있습니다. 데이터가 손실되지 않게 하려면 해당 파일을 유니코드 형식으로 저장하십시오.
c:\users\parks\numericalanalysis\clothsimultation\cloth\my_opencl_util.h(166): warning C4996: 'fopen': This function or variable may be unsafe. Consider using fopen_s instead. To disable deprecation, use _CRT_SECURE_NO_WARNINGS. See online help for details.
  c:\program files (x86)\windows kits\10\include\10.0.17134.0\ucrt\stdio.h(208): note: 'fopen' 선언을 참조하십시오.
c:\users\parks\numericalanalysis\clothsimultation\cloth\my_opencl_util.h(568): warning C4018: '<': signed 또는 unsigned가 일치하지 않습니다.
c:\users\parks\numericalanalysis\clothsimultation\cloth\my_opencl_util.h(592): warning C4018: '<': signed 또는 unsigned가 일치하지 않습니다.
c:\users\parks\numericalanalysis\clothsimultation\openglfiles\include\freeimage\freeimage.h : warning C4819: 현재 코드 페이지(949)에서 표시할 수 없는 문자가 파일에 들어 있습니다. 데이터가 손실되지 않게 하려면 해당 파일을 유니코드 형식으로 저장하십시오.
c:\users\parks\numericalanalysis\clothsimultation\cloth\main.cpp(169): warning C4305: '초기화 중': 'double'에서 'float'(으)로 잘립니다.
c:\users\parks\numericalanalysis\clothsimultation\cloth\main.cpp(170): warning C4305: '초기화 중': 'double'에서 'float'(으)로 잘립니다.
c:\users\parks\numericalanalysis\clothsimultation\cloth\main.cpp(177): warning C4838: 'double'에서 'const float'(으)로의 변환에는 축소 변환이 필요합니다.
c:\users\parks\numericalanalysis\clothsimultation\cloth\main.cpp(177): warning C4305: '초기화 중': 'double'에서 'const float'(으)로 잘립니다.
c:\users\parks\numericalanalysis\clothsimultation\cloth\main.cpp(178): warning C4305: '초기화 중': 'double'에서 'float'(으)로 잘립니다.
c:\users\parks\numericalanalysis\clothsimultation\cloth\main.cpp(383): warning C4101: 'compute_time' :참조되지 않은 지역 변수입니다.
c:\users\parks\numericalanalysis\clothsimultation\cloth\main.cpp(561): warning C4101: 'errcode_ret' :참조되지 않은 지역 변수입니다.
c:\users\parks\numericalanalysis\clothsimultation\cloth\main.cpp(658): warning C4101: 'errcode_ret' :참조되지 않은 지역 변수입니다.
c:\users\parks\numericalanalysis\clothsimultation\cloth\main.cpp(756): warning C4101: 'errcode_ret' :참조되지 않은 지역 변수입니다.
c:\users\parks\numericalanalysis\clothsimultation\cloth\main.cpp(960): warning C4101: 'errcode_ret' :참조되지 않은 지역 변수입니다.
c:\users\parks\numericalanalysis\clothsimultation\cloth\main.cpp(1558): warning C4996: 'sprintf': This function or variable may be unsafe. Consider using sprintf_s instead. To disable deprecation, use _CRT_SECURE_NO_WARNINGS. See online help for details.
  c:\program files (x86)\windows kits\10\include\10.0.17134.0\ucrt\stdio.h(1774): note: 'sprintf' 선언을 참조하십시오.
c:\users\parks\numericalanalysis\clothsimultation\cloth\main.cpp(1560): warning C4996: 'sprintf': This function or variable may be unsafe. Consider using sprintf_s instead. To disable deprecation, use _CRT_SECURE_NO_WARNINGS. See online help for details.
  c:\program files (x86)\windows kits\10\include\10.0.17134.0\ucrt\stdio.h(1774): note: 'sprintf' 선언을 참조하십시오.
c:\users\parks\numericalanalysis\clothsimultation\cloth\main.cpp(1562): warning C4996: 'sprintf': This function or variable may be unsafe. Consider using sprintf_s instead. To disable deprecation, use _CRT_SECURE_NO_WARNINGS. See online help for details.
  c:\program files (x86)\windows kits\10\include\10.0.17134.0\ucrt\stdio.h(1774): note: 'sprintf' 선언을 참조하십시오.
c:\users\parks\numericalanalysis\clothsimultation\cloth\main.cpp(1564): warning C4996: 'sprintf': This function or variable may be unsafe. Consider using sprintf_s instead. To disable deprecation, use _CRT_SECURE_NO_WARNINGS. See online help for details.
  c:\program files (x86)\windows kits\10\include\10.0.17134.0\ucrt\stdio.h(1774): note: 'sprintf' 선언을 참조하십시오.
c:\users\parks\numericalanalysis\clothsimultation\cloth\main.cpp(1566): warning C4996: 'sprintf': This function or variable may be unsafe. Consider using sprintf_s instead. To disable deprecation, use _CRT_SECURE_NO_WARNINGS. See online help for details.
  c:\program files (x86)\windows kits\10\include\10.0.17134.0\ucrt\stdio.h(1774): note: 'sprintf' 선언을 참조하십시오.
c:\users\parks\numericalanalysis\clothsimultation\cloth\main.cpp(1568): warning C4996: 'sprintf': This function or variable may be unsafe. Consider using sprintf_s instead. To disable deprecation, use _CRT_SECURE_NO_WARNINGS. See online help for details.
  c:\program files (x86)\windows kits\10\include\10.0.17134.0\ucrt\stdio.h(1774): note: 'sprintf' 선언을 참조하십시오.
c:\users\parks\numericalanalysis\clothsimultation\cloth\main.cpp(1570): warning C4996: 'sprintf': This function or variable may be unsafe. Consider using sprintf_s instead. To disable deprecation, use _CRT_SECURE_NO_WARNINGS. See online help for details.
  c:\program files (x86)\windows kits\10\include\10.0.17134.0\ucrt\stdio.h(1774): note: 'sprintf' 선언을 참조하십시오.
c:\users\parks\numericalanalysis\clothsimultation\cloth\main.cpp(1572): warning C4996: 'sprintf': This function or variable may be unsafe. Consider using sprintf_s instead. To disable deprecation, use _CRT_SECURE_NO_WARNINGS. See online help for details.
  c:\program files (x86)\windows kits\10\include\10.0.17134.0\ucrt\stdio.h(1774): note: 'sprintf' 선언을 참조하십시오.
c:\users\parks\numericalanalysis\clothsimultation\cloth\main.cpp(1574): warning C4996: 'sprintf': This function or variable may be unsafe. Consider using sprintf_s instead. To disable deprecation, use _CRT_SECURE_NO_WARNINGS. See online help for details.
  c:\program files (x86)\windows kits\10\include\10.0.17134.0\ucrt\stdio.h(1774): note: 'sprintf' 선언을 참조하십시오.
c:\users\parks\numericalanalysis\clothsimultation\cloth\main.cpp(1757): warning C4996: 'scanf': This function or variable may be unsafe. Consider using scanf_s instead. To disable deprecation, use _CRT_SECURE_NO_WARNINGS. See online help for details.
  c:\program files (x86)\windows kits\10\include\10.0.17134.0\ucrt\stdio.h(1274): note: 'scanf' 선언을 참조하십시오.
  cloth.vcxproj -> C:\Users\parks\NumericalAnalysis\ClothSimultation\Release\cloth.exe
